<?xml version="1.0" encoding="UTF-8"?>
<testsuite xmlns:xsi="http://www.w3.org/2001/XMLSchema-instance" xsi:noNamespaceSchemaLocation="https://maven.apache.org/surefire/maven-surefire-plugin/xsd/surefire-test-report-3.0.xsd" version="3.0" name="Agendar un destino de viaje" time="111.422" tests="4" errors="0" skipped="0" failures="0">
  <properties>
[...]
</properties>
  <testcase name="Filtrar por precio y reservar un destino #1" classname="Agendar un destino de viaje" time="31.558">
    <system-out><![CDATA[✅ Precio guardado para Madan: 1183.46
✅ Tarjeta de Madan seleccionada

📊 === RESUMEN DE VALIDACIÓN ===
Precio unitario: $1183.46
Precio esperado sin descuento: $31520
Precio total actual: $3106.58
]]></system-out>
    <system-err><![CDATA[[pool-3-thread-1] INFO  - 
  _____   ___   ___   _____     ___   _____     _     ___   _____   ___   ___  
 |_   _| | __| / __| |_   _|   / __| |_   _|   /_\   | _ \ |_   _| | __| |   \ 
   | |   | _|  \__ \   | |     \__ \   | |    / _ \  |   /   | |   | _|  | |) |
   |_|   |___| |___/   |_|     |___/   |_|   /_/ \_\ |_|_\   |_|   |___| |___/ 

Filtrar por precio y reservar un destino(agendar-un-destino-de-viaje;filtrar-por-precio-y-reservar-un-destino)
--------------------------------------------------------------------------------
[pool-3-thread-1] INFO io.github.bonigarcia.wdm.WebDriverManager - Using chromedriver 148.0.7778.178 (resolved driver for Chrome 148)
[pool-3-thread-1] INFO io.github.bonigarcia.wdm.WebDriverManager - Exporting webdriver.chrome.driver as C:\Users\Usuario\.cache\selenium\chromedriver\win64\148.0.7778.178\chromedriver.exe
may 31, 2026 1:17:02 A. M. org.openqa.selenium.devtools.CdpVersionFinder findNearestMatch
WARNING: Unable to find CDP implementation matching 148
may 31, 2026 1:17:02 A. M. org.openqa.selenium.chromium.ChromiumDriver lambda$new$5
WARNING: Unable to find version of CDP to use for 148.0.7778.179. You may need to include a dependency on a specific version of the CDP using something similar to `org.seleniumhq.selenium:selenium-devtools-v86:4.27.0` where the version ("v86") matches the version of the chromium-based browser you're using and the version number of the artifact is the same as Selenium's.
[pool-3-thread-1] INFO  - 
  _____   ___   ___   _____     ___     _     ___   ___   ___   ___  
 |_   _| | __| / __| |_   _|   | _ \   /_\   / __| / __| | __| |   \ 
   | |   | _|  \__ \   | |     |  _/  / _ \  \__ \ \__ \ | _|  | |) |
   |_|   |___| |___/   |_|     |_|   /_/ \_\ |___/ |___/ |___| |___/ 

Filtrar por precio y reservar un destino
----------------------------------------------------------------------
]]></system-err>
  </testcase>
  <testcase name="Filtrar por precio y reservar un destino #2" classname="Agendar un destino de viaje" time="29.208">
    <system-out><![CDATA[✅ Precio guardado para Shenji: 1089.07
✅ Tarjeta de Shenji seleccionada

📊 === RESUMEN DE VALIDACIÓN ===
Precio unitario: $1089.07
Precio esperado sin descuento: $31520
Precio total actual: $2858.81
]]></system-out>
    <system-err><![CDATA[[pool-3-thread-1] INFO io.github.bonigarcia.wdm.WebDriverManager - Using chromedriver 148.0.7778.178 (resolved driver for Chrome 148)
[pool-3-thread-1] INFO io.github.bonigarcia.wdm.WebDriverManager - Exporting webdriver.chrome.driver as C:\Users\Usuario\.cache\selenium\chromedriver\win64\148.0.7778.178\chromedriver.exe
may 31, 2026 1:17:32 A. M. org.openqa.selenium.devtools.CdpVersionFinder findNearestMatch
WARNING: Unable to find CDP implementation matching 148
may 31, 2026 1:17:32 A. M. org.openqa.selenium.chromium.ChromiumDriver lambda$new$5
WARNING: Unable to find version of CDP to use for 148.0.7778.179. You may need to include a dependency on a specific version of the CDP using something similar to `org.seleniumhq.selenium:selenium-devtools-v86:4.27.0` where the version ("v86") matches the version of the chromium-based browser you're using and the version number of the artifact is the same as Selenium's.
[pool-3-thread-1] INFO  - 
  _____   ___   ___   _____     ___     _     ___   ___   ___   ___  
 |_   _| | __| / __| |_   _|   | _ \   /_\   / __| / __| | __| |   \ 
   | |   | _|  \__ \   | |     |  _/  / _ \  \__ \ \__ \ | _|  | |) |
   |_|   |___| |___/   |_|     |_|   /_/ \_\ |___/ |___/ |___| |___/ 

Filtrar por precio y reservar un destino
----------------------------------------------------------------------
]]></system-err>
  </testcase>
  <testcase name="Validar formato incorrecto de Social Security Number" classname="Agendar un destino de viaje" time="24.349">
    <system-out><![CDATA[✅ Precio guardado para Sant Cugat Del Valles: 1183.46
✅ Tarjeta de Sant Cugat Del Valles seleccionada
✅ SSN inválido ingresado: 12345
✅ Error correcto: Enter a valid Social Security number (xxx-xx-xxxx).
]]></system-out>
    <system-err><![CDATA[[pool-3-thread-1] INFO  - 
  _____   ___   ___   _____     ___   _____     _     ___   _____   ___   ___  
 |_   _| | __| / __| |_   _|   / __| |_   _|   /_\   | _ \ |_   _| | __| |   \ 
   | |   | _|  \__ \   | |     \__ \   | |    / _ \  |   /   | |   | _|  | |) |
   |_|   |___| |___/   |_|     |___/   |_|   /_/ \_\ |_|_\   |_|   |___| |___/ 

Validar formato incorrecto de Social Security Number(agendar-un-destino-de-viaje;validar-formato-incorrecto-de-social-security-number)
--------------------------------------------------------------------------------
[pool-3-thread-1] INFO io.github.bonigarcia.wdm.WebDriverManager - Using chromedriver 148.0.7778.178 (resolved driver for Chrome 148)
[pool-3-thread-1] INFO io.github.bonigarcia.wdm.WebDriverManager - Exporting webdriver.chrome.driver as C:\Users\Usuario\.cache\selenium\chromedriver\win64\148.0.7778.178\chromedriver.exe
may 31, 2026 1:18:01 A. M. org.openqa.selenium.devtools.CdpVersionFinder findNearestMatch
WARNING: Unable to find CDP implementation matching 148
may 31, 2026 1:18:01 A. M. org.openqa.selenium.chromium.ChromiumDriver lambda$new$5
WARNING: Unable to find version of CDP to use for 148.0.7778.179. You may need to include a dependency on a specific version of the CDP using something similar to `org.seleniumhq.selenium:selenium-devtools-v86:4.27.0` where the version ("v86") matches the version of the chromium-based browser you're using and the version number of the artifact is the same as Selenium's.
[pool-3-thread-1] INFO  - 
  _____   ___   ___   _____     ___     _     ___   ___   ___   ___  
 |_   _| | __| / __| |_   _|   | _ \   /_\   / __| / __| | __| |   \ 
   | |   | _|  \__ \   | |     |  _/  / _ \  \__ \ \__ \ | _|  | |) |
   |_|   |___| |___/   |_|     |_|   /_/ \_\ |___/ |___/ |___| |___/ 

Validar formato incorrecto de Social Security Number
----------------------------------------------------------------------
]]></system-err>
  </testcase>
  <testcase name="Seleccionar destino desde dropdown y reservar Tongli" classname="Agendar un destino de viaje" time="26.307">
    <system-out><![CDATA[✅ Precio guardado para Tongli: 192.64
✅ Tarjeta de Tongli seleccionada

📊 === RESUMEN DE VALIDACIÓN ===
Precio unitario: $192.64
Precio esperado sin descuento: $42812
Precio total actual: $674.24
]]></system-out>
    <system-err><![CDATA[[pool-3-thread-1] INFO  - 
  _____   ___   ___   _____     ___   _____     _     ___   _____   ___   ___  
 |_   _| | __| / __| |_   _|   / __| |_   _|   /_\   | _ \ |_   _| | __| |   \ 
   | |   | _|  \__ \   | |     \__ \   | |    / _ \  |   /   | |   | _|  | |) |
   |_|   |___| |___/   |_|     |___/   |_|   /_/ \_\ |_|_\   |_|   |___| |___/ 

Seleccionar destino desde dropdown y reservar Tongli(agendar-un-destino-de-viaje;seleccionar-destino-desde-dropdown-y-reservar-tongli)
--------------------------------------------------------------------------------
[pool-3-thread-1] INFO io.github.bonigarcia.wdm.WebDriverManager - Using chromedriver 148.0.7778.178 (resolved driver for Chrome 148)
[pool-3-thread-1] INFO io.github.bonigarcia.wdm.WebDriverManager - Exporting webdriver.chrome.driver as C:\Users\Usuario\.cache\selenium\chromedriver\win64\148.0.7778.178\chromedriver.exe
may 31, 2026 1:18:26 A. M. org.openqa.selenium.devtools.CdpVersionFinder findNearestMatch
WARNING: Unable to find CDP implementation matching 148
may 31, 2026 1:18:26 A. M. org.openqa.selenium.chromium.ChromiumDriver lambda$new$5
WARNING: Unable to find version of CDP to use for 148.0.7778.179. You may need to include a dependency on a specific version of the CDP using something similar to `org.seleniumhq.selenium:selenium-devtools-v86:4.27.0` where the version ("v86") matches the version of the chromium-based browser you're using and the version number of the artifact is the same as Selenium's.
[pool-3-thread-1] INFO  - 
  _____   ___   ___   _____     ___     _     ___   ___   ___   ___  
 |_   _| | __| / __| |_   _|   | _ \   /_\   / __| / __| | __| |   \ 
   | |   | _|  \__ \   | |     |  _/  / _ \  \__ \ \__ \ | _|  | |) |
   |_|   |___| |___/   |_|     |_|   /_/ \_\ |___/ |___/ |___| |___/ 

Seleccionar destino desde dropdown y reservar Tongli
----------------------------------------------------------------------
]]></system-err>
  </testcase>
</testsuite>